Projects/Drum/drummachine/build/app/intermediates/proguard-rules/release/aapt_rules.txt
# Referenced at processReleaseManifest\merged\AndroidManifest.xml:22
-keep class com.example.drummachine.MainActivity { <init>(...); }
# Referenced at processReleaseManifest\merged\AndroidManifest.xml:17
-keep class io.flutter.app.FlutterApplication { <init>(...); }