Projects/Drum/drummachine/build/app/outputs/mapping/r8/release/mapping.txt
# compiler: R8
# compiler_version: 1.2.49
# min_api: 16
...
io.flutter.app.FlutterActivityDelegate$1$1 -> io.flutter.app.b:
    io.flutter.app.FlutterActivityDelegate$1 this$1 -> a
io.flutter.app.FlutterActivityDelegate$ViewFactory -> io.flutter.app.d$a:
    boolean retainFlutterNativeView() -> a
    io.flutter.view.FlutterNativeView createFlutterNativeView() -> b
    io.flutter.view.FlutterView createFlutterView(android.content.Context) -> a
io.flutter.app.FlutterActivityEvents -> io.flutter.app.e:
io.flutter.app.FlutterApplication -> io.flutter.app.FlutterApplication:
    android.app.Activity mCurrentActivity -> a
    android.app.Activity getCurrentActivity() -> a
    void setCurrentActivity(android.app.Activity) -> a
io.flutter.app.FlutterPluginRegistry -> io.flutter.app.f:
    android.app.Activity mActivity -> a
    android.content.Context mAppContext -> b
    io.flutter.plugin.platform.PlatformViewsController mPlatformViewsController -> e
    io.flutter.view.FlutterNativeView mNativeView -> c
    io.flutter.view.FlutterView mFlutterView -> d
    java.util.List mActivityResultListeners -> h
    java.util.List mNewIntentListeners -> i
    java.util.List mRequestPermissionsResultListeners -> g
    java.util.List mUserLeaveHintListeners -> j
    java.util.List mViewDestroyListeners -> k
    java.util.Map mPluginMap -> f
    android.app.Activity access$000(io.flutter.app.FlutterPluginRegistry) -> a
    android.content.Context access$100(io.flutter.app.FlutterPluginRegistry) -> b
    io.flutter.view.FlutterNativeView access$200(io.flutter.app.FlutterPluginRegistry) -> c
    boolean hasPlugin(java.lang.String) -> a
    boolean onRequestPermissionsResult(int,java.lang.String[],int[]) -> a
    boolean onViewDestroy(io.flutter.view.FlutterNativeView) -> a
    io.flutter.plugin.common.PluginRegistry$Registrar registrarFor(java.lang.String) -> b
    io.flutter.plugin.platform.PlatformViewsController getPlatformViewsController() -> c
    void attach(io.flutter.view.FlutterView,android.app.Activity) -> a
    void destroy() -> d
    void detach() -> a
    void onPreEngineRestart() -> b
io.flutter.app.FlutterPluginRegistry$FlutterRegistrar -> io.flutter.app.f$a:
    io.flutter.app.FlutterPluginRegistry this$0 -> b
    java.lang.String pluginKey -> a
    android.content.Context activeContext() -> b
    android.content.Context context() -> a
    io.flutter.plugin.common.BinaryMessenger messenger() -> c
io.flutter.embedding.android.AndroidKeyProcessor -> io.flutter.embedding.android.a:
    int combiningCharacter -> c
    io.flutter.embedding.engine.systemchannels.KeyEventChannel keyEventChannel -> a
    io.flutter.plugin.editing.TextInputPlugin textInputPlugin -> b
    java.lang.Character applyCombiningCharacterToBaseCharacter(int) -> a
    void onKeyDown(android.view.KeyEvent) -> b
    void onKeyUp(android.view.KeyEvent) -> a
io.flutter.embedding.android.AndroidTouchProcessor -> io.flutter.embedding.android.b:
    io.flutter.embedding.engine.renderer.FlutterRenderer renderer -> a
    int getPointerChangeForAction(int) -> a
    int getPointerDeviceTypeForToolType(int) -> b
    void addPointerForIndex(android.view.MotionEvent,int,int,int,java.nio.ByteBuffer) -> a
    boolean onGenericMotionEvent(android.view.MotionEvent) -> b
    boolean onTouchEvent(android.view.MotionEvent) -> a
io.flutter.embedding.android.FlutterSplashView$SavedState -> io.flutter.embedding.android.FlutterSplashView$SavedState:
io.flutter.embedding.android.FlutterSplashView$SavedState$1 -> io.flutter.embedding.android.c:
io.flutter.embedding.engine.FlutterEngine$EngineLifecycleListener -> io.flutter.embedding.engine.a$a:
    void onPreEngineRestart() -> a
io.flutter.embedding.engine.FlutterJNI -> io.flutter.embedding.engine.FlutterJNI:
io.flutter.embedding.engine.FlutterJNI$AccessibilityDelegate -> io.flutter.embedding.engine.FlutterJNI$a:
    void updateCustomAccessibilityActions(java.nio.ByteBuffer,java.lang.String[]) -> a
    void updateSemantics(java.nio.ByteBuffer,java.lang.String[]) -> b